2022-06-09 13:38:34.609  INFO 7528 --- [main] .HelloWorldSpringBootWebApplicationTests : Starting HelloWorldSpringBootWebApplicationTests using Java 17.0.2 on DESKTOP-OCLROCC with PID 7528 (started by Ashwini in C:\Users\Ashwini\Training\lowes_javabootcamp-dih-batch2\labs\springboot\hello-world-spring-boot-web)
2022-06-09 13:38:34.618  INFO 7528 --- [main] .HelloWorldSpringBootWebApplicationTests : No active profile set, falling back to 1 default profile: "default"
2022-06-09 13:38:43.768  INFO 7528 --- [main] o.s.b.a.e.web.EndpointLinksResolver      : Exposing 1 endpoint(s) beneath base path '/actuator'
2022-06-09 13:38:44.046  INFO 7528 --- [main] .HelloWorldSpringBootWebApplicationTests : Started HelloWorldSpringBootWebApplicationTests in 11.075 seconds (JVM running for 18.478)
2022-06-09 13:39:41.467  INFO 752 --- [restartedMain] l.s.b.HelloWorldSpringBootWebApplication : Starting HelloWorldSpringBootWebApplication using Java 17.0.2 on DESKTOP-OCLROCC with PID 752 (C:\Users\Ashwini\Training\lowes_javabootcamp-dih-batch2\labs\springboot\hello-world-spring-boot-web\target\classes started by Ashwini in C:\Users\Ashwini\Training\lowes_javabootcamp-dih-batch2\labs\springboot\hello-world-spring-boot-web)
2022-06-09 13:39:41.469  INFO 752 --- [restartedMain] l.s.b.HelloWorldSpringBootWebApplication : No active profile set, falling back to 1 default profile: "default"
2022-06-09 13:39:41.562  INFO 752 --- [restartedMain] .e.DevToolsPropertyDefaultsPostProcessor : Devtools property defaults active! Set 'spring.devtools.add-properties' to 'false' to disable
2022-06-09 13:39:41.563  INFO 752 --- [restartedMain] .e.DevToolsPropertyDefaultsPostProcessor : For additional web related logging consider setting the 'logging.level.web' property to 'DEBUG'
2022-06-09 13:39:44.721  INFO 752 --- [restartedMain] o.s.b.w.embedded.tomcat.TomcatWebServer  : Tomcat initialized with port(s): 9090 (http)
2022-06-09 13:39:44.742  INFO 752 --- [restartedMain] o.apache.catalina.core.StandardService   : Starting service [Tomcat]
2022-06-09 13:39:44.743  INFO 752 --- [restartedMain] org.apache.catalina.core.StandardEngine  : Starting Servlet engine: [Apache Tomcat/9.0.63]
2022-06-09 13:39:45.312  INFO 752 --- [restartedMain] o.a.c.c.C.[Tomcat].[localhost].[/]       : Initializing Spring embedded WebApplicationContext
2022-06-09 13:39:45.313  INFO 752 --- [restartedMain] w.s.c.ServletWebServerApplicationContext : Root WebApplicationContext: initialization completed in 3749 ms
2022-06-09 13:39:50.078  WARN 752 --- [restartedMain] o.s.b.d.a.OptionalLiveReloadServer       : Unable to start LiveReload server
2022-06-09 13:39:50.094  INFO 752 --- [restartedMain] o.s.b.a.e.web.EndpointLinksResolver      : Exposing 1 endpoint(s) beneath base path '/actuator'
2022-06-09 13:39:50.548  INFO 752 --- [restartedMain] o.s.b.w.embedded.tomcat.TomcatWebServer  : Tomcat started on port(s): 9090 (http) with context path ''
2022-06-09 13:39:50.590  INFO 752 --- [restartedMain] l.s.b.HelloWorldSpringBootWebApplication : Started HelloWorldSpringBootWebApplication in 9.892 seconds (JVM running for 13.429)
2022-06-09 13:39:57.015  INFO 752 --- [RMI TCP Connection(3)-127.0.0.1] o.a.c.c.C.[Tomcat].[localhost].[/]       : Initializing Spring DispatcherServlet 'dispatcherServlet'
2022-06-09 13:39:57.016  INFO 752 --- [RMI TCP Connection(3)-127.0.0.1] o.s.web.servlet.DispatcherServlet        : Initializing Servlet 'dispatcherServlet'
2022-06-09 13:39:57.018  INFO 752 --- [RMI TCP Connection(3)-127.0.0.1] o.s.web.servlet.DispatcherServlet        : Completed initialization in 2 ms
2022-06-09 14:01:19.746  INFO 752 --- [restartedMain] l.s.b.HelloWorldSpringBootWebApplication : Starting HelloWorldSpringBootWebApplication using Java 17.0.2 on DESKTOP-OCLROCC with PID 752 (C:\Users\Ashwini\Training\lowes_javabootcamp-dih-batch2\labs\springboot\hello-world-spring-boot-web\target\classes started by Ashwini in C:\Users\Ashwini\Training\lowes_javabootcamp-dih-batch2\labs\springboot\hello-world-spring-boot-web)
2022-06-09 14:01:19.746  INFO 752 --- [restartedMain] l.s.b.HelloWorldSpringBootWebApplication : No active profile set, falling back to 1 default profile: "default"
2022-06-09 14:01:35.210  INFO 752 --- [restartedMain] o.s.b.w.embedded.tomcat.TomcatWebServer  : Tomcat initialized with port(s): 9090 (http)
2022-06-09 14:01:35.212  INFO 752 --- [restartedMain] o.apache.catalina.core.StandardService   : Starting service [Tomcat]
2022-06-09 14:01:35.213  INFO 752 --- [restartedMain] org.apache.catalina.core.StandardEngine  : Starting Servlet engine: [Apache Tomcat/9.0.63]
2022-06-09 14:01:37.120  INFO 752 --- [restartedMain] o.a.c.c.C.[Tomcat].[localhost].[/]       : Initializing Spring embedded WebApplicationContext
2022-06-09 14:01:37.120  INFO 752 --- [restartedMain] w.s.c.ServletWebServerApplicationContext : Root WebApplicationContext: initialization completed in 17369 ms
2022-06-09 14:01:37.540  WARN 752 --- [restartedMain] o.s.b.d.a.OptionalLiveReloadServer       : Unable to start LiveReload server
2022-06-09 14:01:37.547  INFO 752 --- [restartedMain] o.s.b.a.e.web.EndpointLinksResolver      : Exposing 2 endpoint(s) beneath base path '/actuator'
2022-06-09 14:01:38.760  INFO 752 --- [restartedMain] o.s.b.w.embedded.tomcat.TomcatWebServer  : Tomcat started on port(s): 9090 (http) with context path ''
2022-06-09 14:01:38.771  INFO 752 --- [restartedMain] l.s.b.HelloWorldSpringBootWebApplication : Started HelloWorldSpringBootWebApplication in 19.532 seconds (JVM running for 1321.609)
2022-06-09 14:01:38.775  INFO 752 --- [restartedMain] .ConditionEvaluationDeltaLoggingListener : Condition evaluation unchanged
2022-06-09 14:01:44.345  INFO 752 --- [http-nio-9090-exec-1] o.a.c.c.C.[Tomcat].[localhost].[/]       : Initializing Spring DispatcherServlet 'dispatcherServlet'
2022-06-09 14:01:44.346  INFO 752 --- [http-nio-9090-exec-1] o.s.web.servlet.DispatcherServlet        : Initializing Servlet 'dispatcherServlet'
2022-06-09 14:01:44.346  INFO 752 --- [http-nio-9090-exec-1] o.s.web.servlet.DispatcherServlet        : Completed initialization in 0 ms
2022-06-09 15:18:42.166  INFO 752 --- [restartedMain] l.s.b.HelloWorldSpringBootWebApplication : Starting HelloWorldSpringBootWebApplication using Java 17.0.2 on DESKTOP-OCLROCC with PID 752 (C:\Users\Ashwini\Training\lowes_javabootcamp-dih-batch2\labs\springboot\hello-world-spring-boot-web\target\classes started by Ashwini in C:\Users\Ashwini\Training\lowes_javabootcamp-dih-batch2\labs\springboot\hello-world-spring-boot-web)
2022-06-09 15:18:42.167  INFO 752 --- [restartedMain] l.s.b.HelloWorldSpringBootWebApplication : No active profile set, falling back to 1 default profile: "default"
2022-06-09 15:18:43.129  INFO 752 --- [restartedMain] o.s.b.w.embedded.tomcat.TomcatWebServer  : Tomcat initialized with port(s): 9090 (http)
2022-06-09 15:18:43.130  INFO 752 --- [restartedMain] o.apache.catalina.core.StandardService   : Starting service [Tomcat]
2022-06-09 15:18:43.131  INFO 752 --- [restartedMain] org.apache.catalina.core.StandardEngine  : Starting Servlet engine: [Apache Tomcat/9.0.63]
2022-06-09 15:18:43.719  INFO 752 --- [restartedMain] o.a.c.c.C.[Tomcat-1].[localhost].[/]     : Initializing Spring embedded WebApplicationContext
2022-06-09 15:18:43.720  INFO 752 --- [restartedMain] w.s.c.ServletWebServerApplicationContext : Root WebApplicationContext: initialization completed in 1549 ms
2022-06-09 15:18:44.345  WARN 752 --- [restartedMain] o.s.b.d.a.OptionalLiveReloadServer       : Unable to start LiveReload server
2022-06-09 15:18:44.351  INFO 752 --- [restartedMain] o.s.b.a.e.web.EndpointLinksResolver      : Exposing 14 endpoint(s) beneath base path '/actuator'
2022-06-09 15:18:45.390  INFO 752 --- [restartedMain] o.s.b.w.embedded.tomcat.TomcatWebServer  : Tomcat started on port(s): 9090 (http) with context path ''
2022-06-09 15:18:45.411  INFO 752 --- [restartedMain] l.s.b.HelloWorldSpringBootWebApplication : Started HelloWorldSpringBootWebApplication in 3.297 seconds (JVM running for 5948.249)
2022-06-09 15:18:45.998  INFO 752 --- [restartedMain] .ConditionEvaluationDeltaLoggingListener : Condition evaluation delta:


==========================
CONDITION EVALUATION DELTA
==========================


Positive matches:
-----------------

   CachesEndpointAutoConfiguration#cachesEndpointWebExtension matched:
      - @ConditionalOnBean (types: org.springframework.boot.actuate.cache.CachesEndpoint; SearchStrategy: all) found bean 'cachesEndpoint'; @ConditionalOnMissingBean (types: org.springframework.boot.actuate.cache.CachesEndpointWebExtension; SearchStrategy: all) did not find any beans (OnBeanCondition)
      - @ConditionalOnAvailableEndpoint marked as exposed by a 'management.endpoints.web.exposure' property (OnAvailableEndpointCondition)

   ConfigurationPropertiesReportEndpointAutoConfiguration#configurationPropertiesReportEndpointWebExtension matched:
      - @ConditionalOnBean (types: org.springframework.boot.actuate.context.properties.ConfigurationPropertiesReportEndpoint; SearchStrategy: all) found bean 'configurationPropertiesReportEndpoint'; @ConditionalOnMissingBean (types: org.springframework.boot.actuate.context.properties.ConfigurationPropertiesReportEndpointWebExtension; SearchStrategy: all) did not find any beans (OnBeanCondition)
      - @ConditionalOnAvailableEndpoint marked as exposed by a 'management.endpoints.web.exposure' property (OnAvailableEndpointCondition)

   EnvironmentEndpointAutoConfiguration#environmentEndpointWebExtension matched:
      - @ConditionalOnBean (types: org.springframework.boot.actuate.env.EnvironmentEndpoint; SearchStrategy: all) found bean 'environmentEndpoint'; @ConditionalOnMissingBean (types: org.springframework.boot.actuate.env.EnvironmentEndpointWebExtension; SearchStrategy: all) did not find any beans (OnBeanCondition)
      - @ConditionalOnAvailableEndpoint marked as exposed by a 'management.endpoints.web.exposure' property (OnAvailableEndpointCondition)


Negative matches:
-----------------

    None


Exclusions:
-----------

    None


Unconditional classes:
----------------------

    None



2022-06-09 15:18:52.796  INFO 752 --- [RMI TCP Connection(113)-127.0.0.1] inMXBeanRegistrar$SpringApplicationAdmin : Application shutdown requested.
2022-06-09 15:19:28.889  INFO 16912 --- [restartedMain] l.s.b.HelloWorldSpringBootWebApplication : Starting HelloWorldSpringBootWebApplication using Java 17.0.2 on DESKTOP-OCLROCC with PID 16912 (C:\Users\Ashwini\Training\lowes_javabootcamp-dih-batch2\labs\springboot\hello-world-spring-boot-web\target\classes started by Ashwini in C:\Users\Ashwini\Training\lowes_javabootcamp-dih-batch2\labs\springboot\hello-world-spring-boot-web)
2022-06-09 15:19:28.890  INFO 16912 --- [restartedMain] l.s.b.HelloWorldSpringBootWebApplication : No active profile set, falling back to 1 default profile: "default"
2022-06-09 15:19:29.234  INFO 16912 --- [restartedMain] .e.DevToolsPropertyDefaultsPostProcessor : Devtools property defaults active! Set 'spring.devtools.add-properties' to 'false' to disable
2022-06-09 15:19:29.234  INFO 16912 --- [restartedMain] .e.DevToolsPropertyDefaultsPostProcessor : For additional web related logging consider setting the 'logging.level.web' property to 'DEBUG'
2022-06-09 15:19:38.061  INFO 16912 --- [restartedMain] o.s.b.w.embedded.tomcat.TomcatWebServer  : Tomcat initialized with port(s): 9090 (http)
2022-06-09 15:19:38.313  INFO 16912 --- [restartedMain] o.apache.catalina.core.StandardService   : Starting service [Tomcat]
2022-06-09 15:19:38.314  INFO 16912 --- [restartedMain] org.apache.catalina.core.StandardEngine  : Starting Servlet engine: [Apache Tomcat/9.0.63]
2022-06-09 15:19:39.276  INFO 16912 --- [restartedMain] o.a.c.c.C.[Tomcat].[localhost].[/]       : Initializing Spring embedded WebApplicationContext
2022-06-09 15:19:39.276  INFO 16912 --- [restartedMain] w.s.c.ServletWebServerApplicationContext : Root WebApplicationContext: initialization completed in 10041 ms
2022-06-09 15:19:41.701  WARN 16912 --- [restartedMain] o.s.b.d.a.OptionalLiveReloadServer       : Unable to start LiveReload server
2022-06-09 15:19:41.713  INFO 16912 --- [restartedMain] o.s.b.a.e.web.EndpointLinksResolver      : Exposing 14 endpoint(s) beneath base path '/actuator'
2022-06-09 15:19:41.861  INFO 16912 --- [restartedMain] o.s.b.w.embedded.tomcat.TomcatWebServer  : Tomcat started on port(s): 9090 (http) with context path ''
2022-06-09 15:19:41.898  INFO 16912 --- [restartedMain] l.s.b.HelloWorldSpringBootWebApplication : Started HelloWorldSpringBootWebApplication in 32.625 seconds (JVM running for 40.86)
2022-06-09 15:20:08.211  INFO 16912 --- [http-nio-9090-exec-1] o.a.c.c.C.[Tomcat].[localhost].[/]       : Initializing Spring DispatcherServlet 'dispatcherServlet'
2022-06-09 15:20:08.212  INFO 16912 --- [http-nio-9090-exec-1] o.s.web.servlet.DispatcherServlet        : Initializing Servlet 'dispatcherServlet'
2022-06-09 15:20:08.214  INFO 16912 --- [http-nio-9090-exec-1] o.s.web.servlet.DispatcherServlet        : Completed initialization in 2 ms
2022-06-09 15:30:39.433  WARN 16912 --- [http-nio-9090-exec-2] .w.s.m.s.DefaultHandlerExceptionResolver : Resolved [org.springframework.web.HttpMediaTypeNotSupportedException: Content type '' not supported]
2022-06-09 15:30:53.944  WARN 16912 --- [http-nio-9090-exec-4] .w.s.m.s.DefaultHandlerExceptionResolver : Resolved [org.springframework.web.HttpMediaTypeNotSupportedException: Content type '' not supported]
2022-06-09 15:31:09.347  WARN 16912 --- [http-nio-9090-exec-6] .w.s.m.s.DefaultHandlerExceptionResolver : Resolved [org.springframework.web.HttpMediaTypeNotSupportedException: Content type 'text/plain' not supported]
2022-06-09 15:47:42.828  INFO 16912 --- [RMI TCP Connection(46)-127.0.0.1] inMXBeanRegistrar$SpringApplicationAdmin : Application shutdown requested.
2022-06-09 15:48:47.716  INFO 14368 --- [restartedMain] l.s.b.HelloWorldSpringBootWebApplication : Starting HelloWorldSpringBootWebApplication using Java 17.0.2 on DESKTOP-OCLROCC with PID 14368 (C:\Users\Ashwini\Training\lowes_javabootcamp-dih-batch2\labs\springboot\hello-world-spring-boot-web\target\classes started by Ashwini in C:\Users\Ashwini\Training\lowes_javabootcamp-dih-batch2\labs\springboot\hello-world-spring-boot-web)
2022-06-09 15:48:47.833  INFO 14368 --- [restartedMain] l.s.b.HelloWorldSpringBootWebApplication : No active profile set, falling back to 1 default profile: "default"
2022-06-09 15:48:47.984  INFO 14368 --- [restartedMain] .e.DevToolsPropertyDefaultsPostProcessor : Devtools property defaults active! Set 'spring.devtools.add-properties' to 'false' to disable
2022-06-09 15:48:47.985  INFO 14368 --- [restartedMain] .e.DevToolsPropertyDefaultsPostProcessor : For additional web related logging consider setting the 'logging.level.web' property to 'DEBUG'
2022-06-09 15:48:53.148  INFO 14368 --- [restartedMain] o.s.b.w.embedded.tomcat.TomcatWebServer  : Tomcat initialized with port(s): 9090 (http)
2022-06-09 15:48:53.238  INFO 14368 --- [restartedMain] o.apache.catalina.core.StandardService   : Starting service [Tomcat]
2022-06-09 15:48:53.239  INFO 14368 --- [restartedMain] org.apache.catalina.core.StandardEngine  : Starting Servlet engine: [Apache Tomcat/9.0.63]
2022-06-09 15:48:54.261  INFO 14368 --- [restartedMain] o.a.c.c.C.[Tomcat].[localhost].[/]       : Initializing Spring embedded WebApplicationContext
2022-06-09 15:48:54.262  INFO 14368 --- [restartedMain] w.s.c.ServletWebServerApplicationContext : Root WebApplicationContext: initialization completed in 6275 ms
2022-06-09 15:48:56.161  WARN 14368 --- [restartedMain] o.s.b.d.a.OptionalLiveReloadServer       : Unable to start LiveReload server
2022-06-09 15:48:56.171  INFO 14368 --- [restartedMain] o.s.b.a.e.web.EndpointLinksResolver      : Exposing 14 endpoint(s) beneath base path '/actuator'
2022-06-09 15:48:56.302  INFO 14368 --- [restartedMain] o.s.b.w.embedded.tomcat.TomcatWebServer  : Tomcat started on port(s): 9090 (http) with context path ''
2022-06-09 15:48:56.332  INFO 14368 --- [restartedMain] l.s.b.HelloWorldSpringBootWebApplication : Started HelloWorldSpringBootWebApplication in 10.114 seconds (JVM running for 12.252)
2022-06-09 15:48:58.211  INFO 14368 --- [RMI TCP Connection(1)-127.0.0.1] o.a.c.c.C.[Tomcat].[localhost].[/]       : Initializing Spring DispatcherServlet 'dispatcherServlet'
2022-06-09 15:48:58.390  INFO 14368 --- [RMI TCP Connection(1)-127.0.0.1] o.s.web.servlet.DispatcherServlet        : Initializing Servlet 'dispatcherServlet'
2022-06-09 15:48:58.393  INFO 14368 --- [RMI TCP Connection(1)-127.0.0.1] o.s.web.servlet.DispatcherServlet        : Completed initialization in 2 ms
2022-06-09 19:05:43.895  INFO 14368 --- [RMI TCP Connection(205)-127.0.0.1] inMXBeanRegistrar$SpringApplicationAdmin : Application shutdown requested.
